<?xml version="1.0" encoding="UTF-8"?>
<!-- Generated by org.testng.reporters.JUnitReportReporter -->
<testsuite hostname="QT-INHD-LT0694" failures="1" tests="13" name="com.PTMWeb.testcases.TC_Validate_Liabilities_Issues_records" time="262.268" errors="0" timestamp="2022-08-26T14:00:33 IST" skipped="6">
  <testcase classname="com.PTMWeb.testcases.TC_Validate_Liabilities_Issues_records" name="TC_03_User_downloads_the_Liabilities_issues_Report_by_searching_with_Reason" time="35.786"/>
  <system-out/>
  <testcase classname="com.PTMWeb.testcases.TC_Validate_Liabilities_Issues_records" name="TC_12_User_downloads_the_NSF_Hold_Report_by_searching_with_Description" time="36.816"/>
  <system-out/>
  <testcase classname="com.PTMWeb.testcases.TC_Validate_Liabilities_Issues_records" name="TC_02_User_downloads_the_Liabilities_issues_Report_by_searching_with_Check_Date" time="3.258">
    <failure message="expected [07/18/22] but found [08/22/22]" type="java.lang.AssertionError">
      <![CDATA[java.lang.AssertionError: expected [07/18/22] but found [08/22/22]
at org.testng.Assert.fail(Assert.java:110)
at org.testng.Assert.failNotEquals(Assert.java:1413)
at org.testng.Assert.assertEqualsImpl(Assert.java:149)
at org.testng.Assert.assertEquals(Assert.java:131)
at org.testng.Assert.assertEquals(Assert.java:655)
at org.testng.Assert.assertEquals(Assert.java:665)
at com.PTMWeb.pages.LiabilitiesIssuesPage.verifycheckDate(LiabilitiesIssuesPage.java:175)
at com.PTMWeb.testcases.TC_Validate_Liabilities_Issues_records.TC_02_User_downloads_the_Liabilities_issues_Report_by_searching_with_Check_Date(TC_Validate_Liabilities_Issues_records.java:51)
at java.base/jdk.internal.reflect.NativeMethodAccessorImpl.invoke0(Native Method)
at java.base/jdk.internal.reflect.NativeMethodAccessorImpl.invoke(NativeMethodAccessorImpl.java:77)
at java.base/jdk.internal.reflect.DelegatingMethodAccessorImpl.invoke(DelegatingMethodAccessorImpl.java:43)
at java.base/java.lang.reflect.Method.invoke(Method.java:568)
at org.testng.internal.invokers.MethodInvocationHelper.invokeMethod(MethodInvocationHelper.java:139)
at org.testng.internal.invokers.TestInvoker.invokeMethod(TestInvoker.java:677)
at org.testng.internal.invokers.TestInvoker.invokeTestMethod(TestInvoker.java:221)
at org.testng.internal.invokers.MethodRunner.runInSequence(MethodRunner.java:50)
at org.testng.internal.invokers.TestInvoker$MethodInvocationAgent.invoke(TestInvoker.java:962)
at org.testng.internal.invokers.TestInvoker.invokeTestMethods(TestInvoker.java:194)
at org.testng.internal.invokers.TestMethodWorker.invokeTestMethods(TestMethodWorker.java:148)
at org.testng.internal.invokers.TestMethodWorker.run(TestMethodWorker.java:128)
at java.base/java.util.ArrayList.forEach(ArrayList.java:1511)
at org.testng.TestRunner.privateRun(TestRunner.java:806)
at org.testng.TestRunner.run(TestRunner.java:601)
at org.testng.SuiteRunner.runTest(SuiteRunner.java:433)
at org.testng.SuiteRunner.runSequentially(SuiteRunner.java:427)
at org.testng.SuiteRunner.privateRun(SuiteRunner.java:387)
at org.testng.SuiteRunner.run(SuiteRunner.java:330)
at org.testng.SuiteRunnerWorker.runSuite(SuiteRunnerWorker.java:52)
at org.testng.SuiteRunnerWorker.run(SuiteRunnerWorker.java:95)
at org.testng.TestNG.runSuitesSequentially(TestNG.java:1256)
at org.testng.TestNG.runSuitesLocally(TestNG.java:1176)
at org.testng.TestNG.runSuites(TestNG.java:1099)
at org.testng.TestNG.run(TestNG.java:1067)
at org.testng.remote.AbstractRemoteTestNG.run(AbstractRemoteTestNG.java:115)
at org.testng.remote.RemoteTestNG.initAndRun(RemoteTestNG.java:251)
at org.testng.remote.RemoteTestNG.main(RemoteTestNG.java:77)
]]>
    </failure>
  </testcase> <!-- TC_02_User_downloads_the_Liabilities_issues_Report_by_searching_with_Check_Date -->
  <system-out/>
  <testcase classname="com.PTMWeb.testcases.TC_Validate_Liabilities_Issues_records" name="TC_11_User_downloads_the_NSF_Hold_Report_by_searching_with_Agency_ID" time="36.692"/>
  <system-out/>
  <testcase classname="com.PTMWeb.testcases.TC_Validate_Liabilities_Issues_records" name="TC_13_User_downloads_the_NSF_Hold_Report_by_searching_with_Amount" time="41.676"/>
  <system-out/>
  <testcase classname="com.PTMWeb.testcases.TC_Validate_Liabilities_Issues_records" name="TC_10_User_downloads_the_NSF_Hold_Report_by_searching_with_Payroll_ID" time="39.832"/>
  <system-out/>
  <testcase classname="com.PTMWeb.testcases.TC_Validate_Liabilities_Issues_records" name="TC_01_User_downloads_the_Liabilities_issues_Report_by_searching_with_Payroll_ID" time="68.208"/>
  <system-out/>
  <testcase classname="com.PTMWeb.testcases.TC_Validate_Liabilities_Issues_records" name="TC_06_User_downloads_the_Payment_issues_Report_by_searching_with_Description">
    <skipped/>
  </testcase> <!-- TC_06_User_downloads_the_Payment_issues_Report_by_searching_with_Description -->
  <system-out/>
  <testcase classname="com.PTMWeb.testcases.TC_Validate_Liabilities_Issues_records" name="TC_08_User_downloads_the_Payment_issues_Report_by_searching_with_Amount">
    <skipped/>
  </testcase> <!-- TC_08_User_downloads_the_Payment_issues_Report_by_searching_with_Amount -->
  <system-out/>
  <testcase classname="com.PTMWeb.testcases.TC_Validate_Liabilities_Issues_records" name="TC_04_User_downloads_the_Payment_issues_Report_by_searching_with_Payroll_ID">
    <skipped/>
  </testcase> <!-- TC_04_User_downloads_the_Payment_issues_Report_by_searching_with_Payroll_ID -->
  <system-out/>
  <testcase classname="com.PTMWeb.testcases.TC_Validate_Liabilities_Issues_records" name="TC_09_User_downloads_the_Payment_issues_Report_by_searching_with_Reason_Code">
    <skipped/>
  </testcase> <!-- TC_09_User_downloads_the_Payment_issues_Report_by_searching_with_Reason_Code -->
  <system-out/>
  <testcase classname="com.PTMWeb.testcases.TC_Validate_Liabilities_Issues_records" name="TC_05_User_downloads_the_Payment_issues_Report_by_searching_with_Agency_ID">
    <skipped/>
  </testcase> <!-- TC_05_User_downloads_the_Payment_issues_Report_by_searching_with_Agency_ID -->
  <system-out/>
  <testcase classname="com.PTMWeb.testcases.TC_Validate_Liabilities_Issues_records" name="TC_07_User_downloads_the_Payment_issues_Report_by_searching_with_Due_Date">
    <skipped/>
  </testcase> <!-- TC_07_User_downloads_the_Payment_issues_Report_by_searching_with_Due_Date -->
  <system-out/>
</testsuite> <!-- com.PTMWeb.testcases.TC_Validate_Liabilities_Issues_records -->
