<?xml version="1.0" encoding="UTF-8"?>
<!-- Generated by org.testng.reporters.JUnitReportReporter -->
<testsuite hostname="QT-INHD-LT0694" failures="5" tests="93" name="com.PTMWeb.testcases.TC_AsureTaxPortal" time="9058.258" errors="0" timestamp="2022-10-10T15:14:35 IST" skipped="0">
  <testcase classname="com.PTMWeb.testcases.TC_AsureTaxPortal" name="TC_11_User_downloads_the_NSF_Hold_Report_by_searching_with_Agency_ID" time="80.957"/>
  <system-out/>
  <testcase classname="com.PTMWeb.testcases.TC_AsureTaxPortal" name="TC_83_TIBERIUM_SYSTEMS_Validate_user_can_view_the_company_details_by_selecting_TIBERIUM_SYSTEMS_LLC" time="110.926"/>
  <system-out/>
  <testcase classname="com.PTMWeb.testcases.TC_AsureTaxPortal" name="TC_84_TIBERIUM_SYSTEMS_Validate_user_can_view_the_contact_by_selecting_TIBERIUM_SYSTEMS_LLC" time="89.345"/>
  <system-out/>
  <testcase classname="com.PTMWeb.testcases.TC_AsureTaxPortal" name="TC_01_User_downloads_the_Liabilities_issues_Report_by_searching_with_Payroll_ID" time="75.911"/>
  <system-out/>
  <testcase classname="com.PTMWeb.testcases.TC_AsureTaxPortal" name="TC_92_DOUGH_NUTS_Validate_User_can_sort_with_Inactive_Tax_Agencies" time="79.169"/>
  <system-out/>
  <testcase classname="com.PTMWeb.testcases.TC_AsureTaxPortal" name="TC_17_User_downloads_the_Applied_For_Report_by_searching_with_Check_Date" time="80.068"/>
  <system-out/>
  <testcase classname="com.PTMWeb.testcases.TC_AsureTaxPortal" name="TC_04_User_downloads_the_Payment_issues_Report_by_searching_with_Payroll_ID" time="76.497"/>
  <system-out/>
  <testcase classname="com.PTMWeb.testcases.TC_AsureTaxPortal" name="TC_22_User_downloads_the_Alerts_Report_by_searching_with_Alert_Text" time="85.581"/>
  <system-out/>
  <testcase classname="com.PTMWeb.testcases.TC_AsureTaxPortal" name="TC_67_BHBakery_Validate_user_can_view_the_contact_by_selecting_BH_BAKERY_INC" time="92.493"/>
  <system-out/>
  <testcase classname="com.PTMWeb.testcases.TC_AsureTaxPortal" name="TC_64_BHBAKERY_Validate_NSF_Hold_Card_colour_is_Red_if_the_status_of_NSF_Hold_is_Yes_Or_Card_colour_should_be_Green_if_the_status_of_NSF_Hold_is_No_in_company_details" time="78.273"/>
  <system-out/>
  <testcase classname="com.PTMWeb.testcases.TC_AsureTaxPortal" name="TC_74_BH_BAKERY_Validate_User_can_view_the_Tax_Agencies_by_searching_with_Tax_Rate" time="162.527"/>
  <system-out/>
  <testcase classname="com.PTMWeb.testcases.TC_AsureTaxPortal" name="TC_24_User_downloads_the_Recent_Liabilities_by_searching_with_Check_Date" time="69.907"/>
  <system-out/>
  <testcase classname="com.PTMWeb.testcases.TC_AsureTaxPortal" name="TC_08_User_downloads_the_Payment_issues_Report_by_searching_with_Amount" time="80.086"/>
  <system-out/>
  <testcase classname="com.PTMWeb.testcases.TC_AsureTaxPortal" name="TC_BHBAKERY_58_User_downloads_the_Payment_issues_Report_by_searching_with_Payroll_ID" time="78.575"/>
  <system-out/>
  <testcase classname="com.PTMWeb.testcases.TC_AsureTaxPortal" name="TC_07_User_downloads_the_Payment_issues_Report_by_searching_with_Due_Date" time="80.280"/>
  <system-out/>
  <testcase classname="com.PTMWeb.testcases.TC_AsureTaxPortal" name="TC_42_Validate_User_can_search_and_download_the_Announcements_in_Pdf_file" time="72.083"/>
  <system-out/>
  <testcase classname="com.PTMWeb.testcases.TC_AsureTaxPortal" name="TC_02_User_downloads_the_Liabilities_issues_Report_by_searching_with_Check_Date" time="81.598"/>
  <system-out/>
  <testcase classname="com.PTMWeb.testcases.TC_AsureTaxPortal" name="TC_12_User_downloads_the_NSF_Hold_Report_by_searching_with_Description" time="83.563"/>
  <system-out/>
  <testcase classname="com.PTMWeb.testcases.TC_AsureTaxPortal" name="TC_37_Validate_User_can_view_the_Tax_Agencies_by_searching_with_Client_Tax_ID" time="155.724"/>
  <system-out/>
  <testcase classname="com.PTMWeb.testcases.TC_AsureTaxPortal" name="TC_19_User_downloads_the_Applied_For_Report_by_searching_with_Due_date" time="81.556"/>
  <system-out/>
  <testcase classname="com.PTMWeb.testcases.TC_AsureTaxPortal" name="TC_66_BHBakery_Validate_user_can_view_the_company_details_by_selecting_BH_BAKERY_INC" time="106.779"/>
  <system-out/>
  <testcase classname="com.PTMWeb.testcases.TC_AsureTaxPortal" name="TC_36_Validate_User_can_view_the_Tax_Agencies_by_searching_with_Main_Agency_ID" time="108.108"/>
  <system-out/>
  <testcase classname="com.PTMWeb.testcases.TC_AsureTaxPortal" name="TC_51_Validate_User_can_view_the_Funding_Issues_by_searching_with_PayrollID" time="76.582"/>
  <system-out/>
  <testcase classname="com.PTMWeb.testcases.TC_AsureTaxPortal" name="TC_BHBAKERY_75_TIBERIUM_SYSTEMS_User_downloads_the_Payment_issues_Report_by_searching_with_Payroll_ID" time="76.837"/>
  <system-out/>
  <testcase classname="com.PTMWeb.testcases.TC_AsureTaxPortal" name="TC_91_TIBERIUM_SYSTEMS_Validate_User_can_view_the_Tax_Agencies_by_searching_with_Tax_Rate" time="158.893"/>
  <system-out/>
  <testcase classname="com.PTMWeb.testcases.TC_AsureTaxPortal" name="TC_71_BH_BAKERY_Validate_User_can_view_the_Tax_Agencies_by_searching_with_Client_Tax_ID" time="164.396"/>
  <system-out/>
  <testcase classname="com.PTMWeb.testcases.TC_AsureTaxPortal" name="TC_82_TIBERIUM_SYSTEMS_Validate_User_can_view_the_Tax_Packages_by_selecting_quarter_and_year" time="79.475"/>
  <system-out/>
  <testcase classname="com.PTMWeb.testcases.TC_AsureTaxPortal" name="TC_45_Validate_User_can_view_the_Upcoming_Payments_record_by_searching_with_Count" time="77.501"/>
  <system-out/>
  <testcase classname="com.PTMWeb.testcases.TC_AsureTaxPortal" name="TC_88_TIBERIUM_SYSTEMS_Validate_User_can_view_the_Tax_Agencies_by_searching_with_Client_Tax_ID" time="160.564"/>
  <system-out/>
  <testcase classname="com.PTMWeb.testcases.TC_AsureTaxPortal" name="TC_BHBAKERY_62_User_downloads_the_Payment_issues_Report_by_searching_with_Amount" time="82.485"/>
  <system-out/>
  <testcase classname="com.PTMWeb.testcases.TC_AsureTaxPortal" name="TC_26_User_downloads_the_Recent_Liabilities_by_searching_with_Amount" time="71.841"/>
  <system-out/>
  <testcase classname="com.PTMWeb.testcases.TC_AsureTaxPortal" name="TC_57_Validate_User_can_view_the_NSF_Hold_Card_color_as_Red_if_NSF_Hold_records_are_displayed_in_the_table" time="80.146"/>
  <system-out/>
  <testcase classname="com.PTMWeb.testcases.TC_AsureTaxPortal" name="TC_94_DOUGH_NUTS_Validate_User_can_sort_with_All_Tax_Agencies" time="79.678"/>
  <system-out/>
  <testcase classname="com.PTMWeb.testcases.TC_AsureTaxPortal" name="TC_14_User_downloads_the_Applied_For_Report_by_searching_with_PayrollID" time="74.922"/>
  <system-out/>
  <testcase classname="com.PTMWeb.testcases.TC_AsureTaxPortal" name="TC_39_Validate_User_can_view_the_Tax_Agencies_by_searching_with_Frequency" time="155.184"/>
  <system-out/>
  <testcase classname="com.PTMWeb.testcases.TC_AsureTaxPortal" name="TC_BHBAKERY_63_User_downloads_the_Payment_issues_Report_by_searching_with_Reason_code" time="82.582"/>
  <system-out/>
  <testcase classname="com.PTMWeb.testcases.TC_AsureTaxPortal" name="TC_BHBAKERY_60_User_downloads_the_Payment_issues_Report_by_searching_with_Description" time="80.936"/>
  <system-out/>
  <testcase classname="com.PTMWeb.testcases.TC_AsureTaxPortal" name="TC_23_User_downloads_the_Recent_Liabilities_by_searching_with_Payroll_ID" time="72.524"/>
  <system-out/>
  <testcase classname="com.PTMWeb.testcases.TC_AsureTaxPortal" name="TC_34_Validate_User_can_view_the_Tax_Agencies_by_searching_with_Agency_ID" time="161.430"/>
  <system-out/>
  <testcase classname="com.PTMWeb.testcases.TC_AsureTaxPortal" name="TC_33_Validate_user_can_view_the_contact_by_selecting_DOUGH_NUTS_INC" time="91.023"/>
  <system-out/>
  <testcase classname="com.PTMWeb.testcases.TC_AsureTaxPortal" name="TC_27_User_downloads_the_Recent_Liabilities_by_searching_with_Status" time="70.617"/>
  <system-out/>
  <testcase classname="com.PTMWeb.testcases.TC_AsureTaxPortal" name="TC_43_Validate_User_can_view_the_Upcoming_Payments_record_by_searching_with_Due_date" time="74.617"/>
  <system-out/>
  <testcase classname="com.PTMWeb.testcases.TC_AsureTaxPortal" name="TC_06_User_downloads_the_Payment_issues_Report_by_searching_with_Description" time="81.397"/>
  <system-out/>
  <testcase classname="com.PTMWeb.testcases.TC_AsureTaxPortal" name="TC_85_TIBERIUM_SYSTEMS_Validate_User_can_view_the_Tax_Agencies_by_searching_with_Agency_ID" time="159.373"/>
  <system-out/>
  <testcase classname="com.PTMWeb.testcases.TC_AsureTaxPortal" name="TC_38_Validate_User_can_view_the_Tax_Agencies_by_searching_with_Frequency_Type" time="161.881"/>
  <system-out/>
  <testcase classname="com.PTMWeb.testcases.TC_AsureTaxPortal" name="TC_32_Validate_user_can_view_the_company_details_by_selecting_DOUGH_NUTS_INC" time="114.144"/>
  <system-out/>
  <testcase classname="com.PTMWeb.testcases.TC_AsureTaxPortal" name="TC_13_User_downloads_the_NSF_Hold_Report_by_searching_with_Amount" time="83.847"/>
  <system-out/>
  <testcase classname="com.PTMWeb.testcases.TC_AsureTaxPortal" name="TC_29_Validate_NSF_Hold_Card_colour_is_Red_if_the_status_of_NSF_Hold_is_Yes_Or_Card_colour_should_be_Green_if_the_status_of_NSF_Hold_is_No_in_company_details" time="77.229"/>
  <system-out/>
  <testcase classname="com.PTMWeb.testcases.TC_AsureTaxPortal" name="TC_16_User_downloads_the_Applied_For_Report_by_searching_with_Description" time="81.714"/>
  <system-out/>
  <testcase classname="com.PTMWeb.testcases.TC_AsureTaxPortal" name="TC_31_Validate_User_can_download_the_Tax_Packages_by_selecting_quarter_and_year" time="88.716"/>
  <system-out/>
  <testcase classname="com.PTMWeb.testcases.TC_AsureTaxPortal" name="TC_55_Validate_User_can_view_the_Recent_Liabilities_Tax_records_by_searching_with_Description" time="78.864"/>
  <system-out/>
  <testcase classname="com.PTMWeb.testcases.TC_AsureTaxPortal" name="TC_69_BH_BAKERY_Validate_User_can_view_the_Tax_Agencies_by_searching_with_Description" time="157.123"/>
  <system-out/>
  <testcase classname="com.PTMWeb.testcases.TC_AsureTaxPortal" name="TC_BHBAKERY_76_TIBERIUM_SYSTEMS_User_downloads_the_Payment_issues_Report_by_searching_with_Agency_ID" time="81.699"/>
  <system-out/>
  <testcase classname="com.PTMWeb.testcases.TC_AsureTaxPortal" name="TC_18_User_downloads_the_Applied_For_Report_by_searching_with_Amount" time="67.591">
    <failure message="expected [null] but found [$100.00]" type="java.lang.AssertionError">
      <![CDATA[java.lang.AssertionError: expected [null] but found [$100.00]
at org.testng.Assert.fail(Assert.java:110)
at org.testng.Assert.failNotEquals(Assert.java:1413)
at org.testng.Assert.assertEqualsImpl(Assert.java:149)
at org.testng.Assert.assertEquals(Assert.java:131)
at org.testng.Assert.assertEquals(Assert.java:655)
at org.testng.Assert.assertEquals(Assert.java:665)
at com.PTMWeb.pages.AppliedForPage.verifyAmount(AppliedForPage.java:304)
at com.PTMWeb.testcases.TC_AsureTaxPortal.TC_18_User_downloads_the_Applied_For_Report_by_searching_with_Amount(TC_AsureTaxPortal.java:303)
at java.base/jdk.internal.reflect.NativeMethodAccessorImpl.invoke0(Native Method)
at java.base/jdk.internal.reflect.NativeMethodAccessorImpl.invoke(NativeMethodAccessorImpl.java:77)
at java.base/jdk.internal.reflect.DelegatingMethodAccessorImpl.invoke(DelegatingMethodAccessorImpl.java:43)
at java.base/java.lang.reflect.Method.invoke(Method.java:568)
at org.testng.internal.invokers.MethodInvocationHelper.invokeMethod(MethodInvocationHelper.java:139)
at org.testng.internal.invokers.TestInvoker.invokeMethod(TestInvoker.java:677)
at org.testng.internal.invokers.TestInvoker.invokeTestMethod(TestInvoker.java:221)
at org.testng.internal.invokers.MethodRunner.runInSequence(MethodRunner.java:50)
at org.testng.internal.invokers.TestInvoker$MethodInvocationAgent.invoke(TestInvoker.java:962)
at org.testng.internal.invokers.TestInvoker.invokeTestMethods(TestInvoker.java:194)
at org.testng.internal.invokers.TestMethodWorker.invokeTestMethods(TestMethodWorker.java:148)
at org.testng.internal.invokers.TestMethodWorker.run(TestMethodWorker.java:128)
at java.base/java.util.ArrayList.forEach(ArrayList.java:1511)
at org.testng.TestRunner.privateRun(TestRunner.java:806)
at org.testng.TestRunner.run(TestRunner.java:601)
at org.testng.SuiteRunner.runTest(SuiteRunner.java:433)
at org.testng.SuiteRunner$SuiteWorker.run(SuiteRunner.java:471)
at org.testng.internal.thread.ThreadUtil.lambda$execute$0(ThreadUtil.java:58)
at java.base/java.util.concurrent.FutureTask.run(FutureTask.java:264)
at java.base/java.util.concurrent.ThreadPoolExecutor.runWorker(ThreadPoolExecutor.java:1136)
at java.base/java.util.concurrent.ThreadPoolExecutor$Worker.run(ThreadPoolExecutor.java:635)
at java.base/java.lang.Thread.run(Thread.java:833)
]]>
    </failure>
  </testcase> <!-- TC_18_User_downloads_the_Applied_For_Report_by_searching_with_Amount -->
  <system-out/>
  <testcase classname="com.PTMWeb.testcases.TC_AsureTaxPortal" name="TC_BHBAKERY_61_User_downloads_the_Payment_issues_Report_by_searching_with_Duedate" time="83.313"/>
  <system-out/>
  <testcase classname="com.PTMWeb.testcases.TC_AsureTaxPortal" name="TC_72_BH_BAKERY_Validate_User_can_view_the_Tax_Agencies_by_searching_with_Frequency_Type" time="159.724"/>
  <system-out/>
  <testcase classname="com.PTMWeb.testcases.TC_AsureTaxPortal" name="TC_21_User_downloads_the_Alerts_Report_by_searching_with_Alert_Name" time="81.283"/>
  <system-out/>
  <testcase classname="com.PTMWeb.testcases.TC_AsureTaxPortal" name="TC_47_Validate_User_can_view_the_Upcoming_Payments_record_by_searching_with_AgencyID" time="77.527"/>
  <system-out/>
  <testcase classname="com.PTMWeb.testcases.TC_AsureTaxPortal" name="TC_03_User_downloads_the_Liabilities_issues_Report_by_searching_with_Reason" time="79.423"/>
  <system-out/>
  <testcase classname="com.PTMWeb.testcases.TC_AsureTaxPortal" name="TC_53_Validate_User_can_view_the_Funding_Issues_by_searching_with_FundingDate" time="71.079">
    <failure message="expected [08/26/22] but found [No records available]" type="java.lang.AssertionError">
      <![CDATA[java.lang.AssertionError: expected [08/26/22] but found [No records available]
at org.testng.Assert.fail(Assert.java:110)
at org.testng.Assert.failNotEquals(Assert.java:1413)
at org.testng.Assert.assertEqualsImpl(Assert.java:149)
at org.testng.Assert.assertEquals(Assert.java:131)
at org.testng.Assert.assertEquals(Assert.java:655)
at org.testng.Assert.assertEquals(Assert.java:665)
at com.PTMWeb.pages.FundingIssuesPage.verifyFundingDueDate(FundingIssuesPage.java:184)
at com.PTMWeb.testcases.TC_AsureTaxPortal.TC_53_Validate_User_can_view_the_Funding_Issues_by_searching_with_FundingDate(TC_AsureTaxPortal.java:896)
at java.base/jdk.internal.reflect.NativeMethodAccessorImpl.invoke0(Native Method)
at java.base/jdk.internal.reflect.NativeMethodAccessorImpl.invoke(NativeMethodAccessorImpl.java:77)
at java.base/jdk.internal.reflect.DelegatingMethodAccessorImpl.invoke(DelegatingMethodAccessorImpl.java:43)
at java.base/java.lang.reflect.Method.invoke(Method.java:568)
at org.testng.internal.invokers.MethodInvocationHelper.invokeMethod(MethodInvocationHelper.java:139)
at org.testng.internal.invokers.TestInvoker.invokeMethod(TestInvoker.java:677)
at org.testng.internal.invokers.TestInvoker.invokeTestMethod(TestInvoker.java:221)
at org.testng.internal.invokers.MethodRunner.runInSequence(MethodRunner.java:50)
at org.testng.internal.invokers.TestInvoker$MethodInvocationAgent.invoke(TestInvoker.java:962)
at org.testng.internal.invokers.TestInvoker.invokeTestMethods(TestInvoker.java:194)
at org.testng.internal.invokers.TestMethodWorker.invokeTestMethods(TestMethodWorker.java:148)
at org.testng.internal.invokers.TestMethodWorker.run(TestMethodWorker.java:128)
at java.base/java.util.ArrayList.forEach(ArrayList.java:1511)
at org.testng.TestRunner.privateRun(TestRunner.java:806)
at org.testng.TestRunner.run(TestRunner.java:601)
at org.testng.SuiteRunner.runTest(SuiteRunner.java:433)
at org.testng.SuiteRunner$SuiteWorker.run(SuiteRunner.java:471)
at org.testng.internal.thread.ThreadUtil.lambda$execute$0(ThreadUtil.java:58)
at java.base/java.util.concurrent.FutureTask.run(FutureTask.java:264)
at java.base/java.util.concurrent.ThreadPoolExecutor.runWorker(ThreadPoolExecutor.java:1136)
at java.base/java.util.concurrent.ThreadPoolExecutor$Worker.run(ThreadPoolExecutor.java:635)
at java.base/java.lang.Thread.run(Thread.java:833)
]]>
    </failure>
  </testcase> <!-- TC_53_Validate_User_can_view_the_Funding_Issues_by_searching_with_FundingDate -->
  <system-out/>
  <testcase classname="com.PTMWeb.testcases.TC_AsureTaxPortal" name="TC_89_TIBERIUM_SYSTEMS_Validate_User_can_view_the_Tax_Agencies_by_searching_with_Frequency_Type" time="159.748"/>
  <system-out/>
  <testcase classname="com.PTMWeb.testcases.TC_AsureTaxPortal" name="TC_20_User_downloads_the_Alerts_Report_by_searching_with_Active_From_Date" time="79.933"/>
  <system-out/>
  <testcase classname="com.PTMWeb.testcases.TC_AsureTaxPortal" name="TC_35_Validate_User_can_view_the_Tax_Agencies_by_searching_with_Description" time="154.804"/>
  <system-out/>
  <testcase classname="com.PTMWeb.testcases.TC_AsureTaxPortal" name="TC_48_Validate_User_can_view_the_Upcoming_Payments_record_by_searching_with_Description" time="78.395"/>
  <system-out/>
  <testcase classname="com.PTMWeb.testcases.TC_AsureTaxPortal" name="TC_BHBAKERY_59_User_downloads_the_Payment_issues_Report_by_searching_with_Agency_ID" time="81.401"/>
  <system-out/>
  <testcase classname="com.PTMWeb.testcases.TC_AsureTaxPortal" name="TC_BHBAKERY_78_TIBERIUM_SYSTEMS_User_downloads_the_Payment_issues_Report_by_searching_with_Due_date" time="81.102"/>
  <system-out/>
  <testcase classname="com.PTMWeb.testcases.TC_AsureTaxPortal" name="TC_40_Validate_User_can_view_the_Tax_Agencies_by_searching_with_TaxRate" time="158.869"/>
  <system-out/>
  <testcase classname="com.PTMWeb.testcases.TC_AsureTaxPortal" name="TC_50_Validate_User_can_view_the_Upcoming_Payments_record_by_searching_with_Amount" time="77.585"/>
  <system-out/>
  <testcase classname="com.PTMWeb.testcases.TC_AsureTaxPortal" name="TC_30_Validate_User_can_view_the_Tax_Packages_by_selecting_quarter_and_year" time="85.509"/>
  <system-out/>
  <testcase classname="com.PTMWeb.testcases.TC_AsureTaxPortal" name="TC_44_Validate_User_can_view_the_Upcoming_Payments_record_by_searching_with_Amount" time="74.300"/>
  <system-out/>
  <testcase classname="com.PTMWeb.testcases.TC_AsureTaxPortal" name="TC_41_Validate_User_can_search_and_download_the_Announcements_in_Excel_file" time="72.588"/>
  <system-out/>
  <testcase classname="com.PTMWeb.testcases.TC_AsureTaxPortal" name="TC_93_DOUGH_NUTS_Validate_User_can_sort_with_Active_Tax_Agencies" time="79.745"/>
  <system-out/>
  <testcase classname="com.PTMWeb.testcases.TC_AsureTaxPortal" name="TC_09_User_downloads_the_Payment_issues_Report_by_searching_with_Reason_Code" time="80.402"/>
  <system-out/>
  <testcase classname="com.PTMWeb.testcases.TC_AsureTaxPortal" name="TC_46_Validate_User_can_view_the_Upcoming_Payments_record_by_searching_with_PayrollID" time="74.275"/>
  <system-out/>
  <testcase classname="com.PTMWeb.testcases.TC_AsureTaxPortal" name="TC_54_Validate_User_can_view_the_Funding_Issues_by_searching_with_Reason" time="70.656">
    <failure message="Unable to verify Reason in Funding Issues page expected [true] but found [false]" type="java.lang.AssertionError">
      <![CDATA[java.lang.AssertionError: Unable to verify Reason in Funding Issues page expected [true] but found [false]
at org.testng.Assert.fail(Assert.java:110)
at org.testng.Assert.failNotEquals(Assert.java:1413)
at org.testng.Assert.assertTrue(Assert.java:56)
at com.PTMWeb.pages.FundingIssuesPage.verifyReason(FundingIssuesPage.java:208)
at com.PTMWeb.testcases.TC_AsureTaxPortal.TC_54_Validate_User_can_view_the_Funding_Issues_by_searching_with_Reason(TC_AsureTaxPortal.java:911)
at java.base/jdk.internal.reflect.NativeMethodAccessorImpl.invoke0(Native Method)
at java.base/jdk.internal.reflect.NativeMethodAccessorImpl.invoke(NativeMethodAccessorImpl.java:77)
at java.base/jdk.internal.reflect.DelegatingMethodAccessorImpl.invoke(DelegatingMethodAccessorImpl.java:43)
at java.base/java.lang.reflect.Method.invoke(Method.java:568)
at org.testng.internal.invokers.MethodInvocationHelper.invokeMethod(MethodInvocationHelper.java:139)
at org.testng.internal.invokers.TestInvoker.invokeMethod(TestInvoker.java:677)
at org.testng.internal.invokers.TestInvoker.invokeTestMethod(TestInvoker.java:221)
at org.testng.internal.invokers.MethodRunner.runInSequence(MethodRunner.java:50)
at org.testng.internal.invokers.TestInvoker$MethodInvocationAgent.invoke(TestInvoker.java:962)
at org.testng.internal.invokers.TestInvoker.invokeTestMethods(TestInvoker.java:194)
at org.testng.internal.invokers.TestMethodWorker.invokeTestMethods(TestMethodWorker.java:148)
at org.testng.internal.invokers.TestMethodWorker.run(TestMethodWorker.java:128)
at java.base/java.util.ArrayList.forEach(ArrayList.java:1511)
at org.testng.TestRunner.privateRun(TestRunner.java:806)
at org.testng.TestRunner.run(TestRunner.java:601)
at org.testng.SuiteRunner.runTest(SuiteRunner.java:433)
at org.testng.SuiteRunner$SuiteWorker.run(SuiteRunner.java:471)
at org.testng.internal.thread.ThreadUtil.lambda$execute$0(ThreadUtil.java:58)
at java.base/java.util.concurrent.FutureTask.run(FutureTask.java:264)
at java.base/java.util.concurrent.ThreadPoolExecutor.runWorker(ThreadPoolExecutor.java:1136)
at java.base/java.util.concurrent.ThreadPoolExecutor$Worker.run(ThreadPoolExecutor.java:635)
at java.base/java.lang.Thread.run(Thread.java:833)
]]>
    </failure>
  </testcase> <!-- TC_54_Validate_User_can_view_the_Funding_Issues_by_searching_with_Reason -->
  <system-out/>
  <testcase classname="com.PTMWeb.testcases.TC_AsureTaxPortal" name="TC_90_TIBERIUM_SYSTEMS_Validate_User_can_view_the_Tax_Agencies_by_searching_with_Frequency" time="154.254"/>
  <system-out/>
  <testcase classname="com.PTMWeb.testcases.TC_AsureTaxPortal" name="TC_81_TIBERIUM_SYSTEMS_Validate_User_can_view_the_NSF_Hold_Card_color_as_Green_if_NSF_Hold_records_are_not_displayed_in_the_table" time="78.636"/>
  <system-out/>
  <testcase classname="com.PTMWeb.testcases.TC_AsureTaxPortal" name="TC_87_TIBERIUM_SYSTEMS_Validate_User_can_view_the_Tax_Agencies_by_searching_with_Main_Agency_ID" time="160.053"/>
  <system-out/>
  <testcase classname="com.PTMWeb.testcases.TC_AsureTaxPortal" name="TC_05_User_downloads_the_Payment_issues_Report_by_searching_with_Agency_ID" time="80.741"/>
  <system-out/>
  <testcase classname="com.PTMWeb.testcases.TC_AsureTaxPortal" name="TC_68_BH_BAKERY_Validate_User_can_view_the_Tax_Agencies_by_searching_with_Agency_ID" time="163.049"/>
  <system-out/>
  <testcase classname="com.PTMWeb.testcases.TC_AsureTaxPortal" name="TC_65_Validate_User_can_view_the_Tax_Packages_by_selecting_quarter_and_year" time="82.560"/>
  <system-out/>
  <testcase classname="com.PTMWeb.testcases.TC_AsureTaxPortal" name="TC_52_Validate_User_can_view_the_Funding_Issues_by_searching_with_Amount" time="70.863">
    <failure message="Unable to verify Amount in Funding Issues page expected [true] but found [false]" type="java.lang.AssertionError">
      <![CDATA[java.lang.AssertionError: Unable to verify Amount in Funding Issues page expected [true] but found [false]
at org.testng.Assert.fail(Assert.java:110)
at org.testng.Assert.failNotEquals(Assert.java:1413)
at org.testng.Assert.assertTrue(Assert.java:56)
at com.PTMWeb.pages.FundingIssuesPage.verifyAmount(FundingIssuesPage.java:172)
at com.PTMWeb.testcases.TC_AsureTaxPortal.TC_52_Validate_User_can_view_the_Funding_Issues_by_searching_with_Amount(TC_AsureTaxPortal.java:881)
at java.base/jdk.internal.reflect.NativeMethodAccessorImpl.invoke0(Native Method)
at java.base/jdk.internal.reflect.NativeMethodAccessorImpl.invoke(NativeMethodAccessorImpl.java:77)
at java.base/jdk.internal.reflect.DelegatingMethodAccessorImpl.invoke(DelegatingMethodAccessorImpl.java:43)
at java.base/java.lang.reflect.Method.invoke(Method.java:568)
at org.testng.internal.invokers.MethodInvocationHelper.invokeMethod(MethodInvocationHelper.java:139)
at org.testng.internal.invokers.TestInvoker.invokeMethod(TestInvoker.java:677)
at org.testng.internal.invokers.TestInvoker.invokeTestMethod(TestInvoker.java:221)
at org.testng.internal.invokers.MethodRunner.runInSequence(MethodRunner.java:50)
at org.testng.internal.invokers.TestInvoker$MethodInvocationAgent.invoke(TestInvoker.java:962)
at org.testng.internal.invokers.TestInvoker.invokeTestMethods(TestInvoker.java:194)
at org.testng.internal.invokers.TestMethodWorker.invokeTestMethods(TestMethodWorker.java:148)
at org.testng.internal.invokers.TestMethodWorker.run(TestMethodWorker.java:128)
at java.base/java.util.ArrayList.forEach(ArrayList.java:1511)
at org.testng.TestRunner.privateRun(TestRunner.java:806)
at org.testng.TestRunner.run(TestRunner.java:601)
at org.testng.SuiteRunner.runTest(SuiteRunner.java:433)
at org.testng.SuiteRunner$SuiteWorker.run(SuiteRunner.java:471)
at org.testng.internal.thread.ThreadUtil.lambda$execute$0(ThreadUtil.java:58)
at java.base/java.util.concurrent.FutureTask.run(FutureTask.java:264)
at java.base/java.util.concurrent.ThreadPoolExecutor.runWorker(ThreadPoolExecutor.java:1136)
at java.base/java.util.concurrent.ThreadPoolExecutor$Worker.run(ThreadPoolExecutor.java:635)
at java.base/java.lang.Thread.run(Thread.java:833)
]]>
    </failure>
  </testcase> <!-- TC_52_Validate_User_can_view_the_Funding_Issues_by_searching_with_Amount -->
  <system-out/>
  <testcase classname="com.PTMWeb.testcases.TC_AsureTaxPortal" name="TC_56_Validate_User_can_view_the_Recent_Liabilities_Tax_records_by_searching_with_Amount" time="81.144"/>
  <system-out/>
  <testcase classname="com.PTMWeb.testcases.TC_AsureTaxPortal" name="TC_BHBAKERY_80_TIBERIUM_SYSTEMS_User_downloads_the_Payment_issues_Report_by_searching_with_Reason_Code" time="83.436"/>
  <system-out/>
  <testcase classname="com.PTMWeb.testcases.TC_AsureTaxPortal" name="TC_86_TIBERIUM_SYSTEMS_Validate_User_can_view_the_Tax_Agencies_by_searching_with_Description" time="152.301"/>
  <system-out/>
  <testcase classname="com.PTMWeb.testcases.TC_AsureTaxPortal" name="TC_73_BH_BAKERY_Validate_User_can_view_the_Tax_Agencies_by_searching_with_Frequency" time="158.312"/>
  <system-out/>
  <testcase classname="com.PTMWeb.testcases.TC_AsureTaxPortal" name="TC_10_User_downloads_the_NSF_Hold_Report_by_searching_with_Payroll_ID" time="75.353"/>
  <system-out/>
  <testcase classname="com.PTMWeb.testcases.TC_AsureTaxPortal" name="TC_25_User_downloads_the_Recent_Liabilities_by_searching_with_Entry_Date" time="63.884">
    <failure message="Unable to verify Entry Date expected [true] but found [false]" type="java.lang.AssertionError">
      <![CDATA[java.lang.AssertionError: Unable to verify Entry Date expected [true] but found [false]
at org.testng.Assert.fail(Assert.java:110)
at org.testng.Assert.failNotEquals(Assert.java:1413)
at org.testng.Assert.assertTrue(Assert.java:56)
at com.PTMWeb.pages.RecentLiabilitiesPage.verifyEntryDate(RecentLiabilitiesPage.java:281)
at com.PTMWeb.testcases.TC_AsureTaxPortal.TC_25_User_downloads_the_Recent_Liabilities_by_searching_with_Entry_Date(TC_AsureTaxPortal.java:404)
at java.base/jdk.internal.reflect.NativeMethodAccessorImpl.invoke0(Native Method)
at java.base/jdk.internal.reflect.NativeMethodAccessorImpl.invoke(NativeMethodAccessorImpl.java:77)
at java.base/jdk.internal.reflect.DelegatingMethodAccessorImpl.invoke(DelegatingMethodAccessorImpl.java:43)
at java.base/java.lang.reflect.Method.invoke(Method.java:568)
at org.testng.internal.invokers.MethodInvocationHelper.invokeMethod(MethodInvocationHelper.java:139)
at org.testng.internal.invokers.TestInvoker.invokeMethod(TestInvoker.java:677)
at org.testng.internal.invokers.TestInvoker.invokeTestMethod(TestInvoker.java:221)
at org.testng.internal.invokers.MethodRunner.runInSequence(MethodRunner.java:50)
at org.testng.internal.invokers.TestInvoker$MethodInvocationAgent.invoke(TestInvoker.java:962)
at org.testng.internal.invokers.TestInvoker.invokeTestMethods(TestInvoker.java:194)
at org.testng.internal.invokers.TestMethodWorker.invokeTestMethods(TestMethodWorker.java:148)
at org.testng.internal.invokers.TestMethodWorker.run(TestMethodWorker.java:128)
at java.base/java.util.ArrayList.forEach(ArrayList.java:1511)
at org.testng.TestRunner.privateRun(TestRunner.java:806)
at org.testng.TestRunner.run(TestRunner.java:601)
at org.testng.SuiteRunner.runTest(SuiteRunner.java:433)
at org.testng.SuiteRunner$SuiteWorker.run(SuiteRunner.java:471)
at org.testng.internal.thread.ThreadUtil.lambda$execute$0(ThreadUtil.java:58)
at java.base/java.util.concurrent.FutureTask.run(FutureTask.java:264)
at java.base/java.util.concurrent.ThreadPoolExecutor.runWorker(ThreadPoolExecutor.java:1136)
at java.base/java.util.concurrent.ThreadPoolExecutor$Worker.run(ThreadPoolExecutor.java:635)
at java.base/java.lang.Thread.run(Thread.java:833)
]]>
    </failure>
  </testcase> <!-- TC_25_User_downloads_the_Recent_Liabilities_by_searching_with_Entry_Date -->
  <system-out/>
  <testcase classname="com.PTMWeb.testcases.TC_AsureTaxPortal" name="TC_15_User_downloads_the_Applied_For_Report_by_searching_with_AgencyID" time="80.446"/>
  <system-out/>
  <testcase classname="com.PTMWeb.testcases.TC_AsureTaxPortal" name="TC_70_BH_BAKERY_Validate_User_can_view_the_Tax_Agencies_by_searching_with_Main_Agency_ID" time="165.524"/>
  <system-out/>
  <testcase classname="com.PTMWeb.testcases.TC_AsureTaxPortal" name="TC_49_Validate_User_can_view_the_Upcoming_Payments_record_by_searching_with_Duedate1" time="76.814"/>
  <system-out/>
  <testcase classname="com.PTMWeb.testcases.TC_AsureTaxPortal" name="TC_BHBAKERY_79_TIBERIUM_SYSTEMS_User_downloads_the_Payment_issues_Report_by_searching_with_Amount" time="81.600"/>
  <system-out/>
  <testcase classname="com.PTMWeb.testcases.TC_AsureTaxPortal" name="TC_28_Validating_the_Description_in_Recent_Liabilities" time="71.810"/>
  <system-out/>
</testsuite> <!-- com.PTMWeb.testcases.TC_AsureTaxPortal -->
